<?xml version="1.0" encoding="UTF-8"?>
<!-- Generated by org.testng.reporters.JUnitXMLReporter -->
<testsuite hostname="Terrys-MBP" ignored="8" name="Surefire test" tests="26" failures="6" timestamp="28 Jul 2022 17:33:04 GMT" time="31.704" errors="0">
  <testcase name="@BeforeClass accPageSetup" time="0.0" classname="com.qa.shopping.opencart.tests.AccountPageTest">
    <failure type="java.lang.NullPointerException">
      <![CDATA[java.lang.NullPointerException
at com.qa.shopping.opencart.tests.AccountPageTest.accPageSetup(AccountPageTest.java:17)
... Removed 31 stack frames]]>
    </failure>
  </testcase> <!-- @BeforeClass accPageSetup -->
  <testcase name="@BeforeClass setupRegistration" time="0.001" classname="com.qa.shopping.opencart.tests.RegistrationPageTest">
    <failure type="java.lang.NullPointerException">
      <![CDATA[java.lang.NullPointerException
at com.qa.shopping.opencart.tests.RegistrationPageTest.setupRegistration(RegistrationPageTest.java:17)
... Removed 31 stack frames]]>
    </failure>
  </testcase> <!-- @BeforeClass setupRegistration -->
  <testcase name="shouldAnswerWithTrue" time="0.002" classname="com.shopping.AppTest"/>
  <testcase name="productHeaderTest" time="12.289" classname="com.qa.shopping.opencart.tests.ProductInfoPageTest"/>
  <testcase name="productImagesCountTest" time="2.112" classname="com.qa.shopping.opencart.tests.ProductInfoPageTest"/>
  <testcase name="productInfoTest" time="1.161" classname="com.qa.shopping.opencart.tests.ProductInfoPageTest">
    <failure type="org.openqa.selenium.WebDriverException" message="unknown error: unexpected command response
  (Session info: chrome=103.0.5060.134)
Build info: version: &amp;apos;4.1.2&amp;apos;, revision: &amp;apos;9a5a329c5a&amp;apos;
System info: host: &amp;apos;Terrys-MBP&amp;apos;, ip: &amp;apos;fe80:0:0:0:b4:4b00:7195:8b33%en0&amp;apos;, os.name: &amp;apos;Mac OS X&amp;apos;, os.arch: &amp;apos;x86_64&amp;apos;, os.version: &amp;apos;10.14.6&amp;apos;, java.version: &amp;apos;1.8.0_172&amp;apos;
Driver info: org.openqa.selenium.chrome.ChromeDriver
Command: [091e5df8c1f762fa86a0fc1af912703e, findElements {using=css selector, value=div.caption a}]
Capabilities {acceptInsecureCerts: false, browserName: chrome, browserVersion: 103.0.5060.134, chrome: {chromedriverVersion: 102.0.5005.61 (0e59bcc00cc4..., userDataDir: /var/folders/_y/d0ls10td4b9...}, goog:chromeOptions: {debuggerAddress: localhost:49672}, javascriptEnabled: true, networkConnectionEnabled: false, pageLoadStrategy: normal, platform: MAC, platformName: MAC, proxy: Proxy(), se:cdp: ws://localhost:49672/devtoo..., se:cdpVersion: 103.0.5060.134, setWindowRect: true, strictFileInteractability: false, timeouts: {implicit: 0, pageLoad: 300000, script: 30000}, unhandledPromptBehavior: dismiss and notify, webauthn:extension:credBlob: true, webauthn:extension:largeBlob: true, webauthn:virtualAuthenticators: true}
Session ID: 091e5df8c1f762fa86a0fc1af912703e">
      <![CDATA[org.openqa.selenium.WebDriverException: unknown error: unexpected command response
  (Session info: chrome=103.0.5060.134)
Build info: version: '4.1.2', revision: '9a5a329c5a'
System info: host: 'Terrys-MBP', ip: 'fe80:0:0:0:b4:4b00:7195:8b33%en0', os.name: 'Mac OS X', os.arch: 'x86_64', os.version: '10.14.6', java.version: '1.8.0_172'
Driver info: org.openqa.selenium.chrome.ChromeDriver
Command: [091e5df8c1f762fa86a0fc1af912703e, findElements {using=css selector, value=div.caption a}]
Capabilities {acceptInsecureCerts: false, browserName: chrome, browserVersion: 103.0.5060.134, chrome: {chromedriverVersion: 102.0.5005.61 (0e59bcc00cc4..., userDataDir: /var/folders/_y/d0ls10td4b9...}, goog:chromeOptions: {debuggerAddress: localhost:49672}, javascriptEnabled: true, networkConnectionEnabled: false, pageLoadStrategy: normal, platform: MAC, platformName: MAC, proxy: Proxy(), se:cdp: ws://localhost:49672/devtoo..., se:cdpVersion: 103.0.5060.134, setWindowRect: true, strictFileInteractability: false, timeouts: {implicit: 0, pageLoad: 300000, script: 30000}, unhandledPromptBehavior: dismiss and notify, webauthn:extension:credBlob: true, webauthn:extension:largeBlob: true, webauthn:virtualAuthenticators: true}
Session ID: 091e5df8c1f762fa86a0fc1af912703e
at org.openqa.selenium.remote.codec.w3c.W3CHttpResponseCodec.createException(W3CHttpResponseCodec.java:200)
at org.openqa.selenium.remote.codec.w3c.W3CHttpResponseCodec.decode(W3CHttpResponseCodec.java:133)
at org.openqa.selenium.remote.codec.w3c.W3CHttpResponseCodec.decode(W3CHttpResponseCodec.java:53)
at org.openqa.selenium.remote.HttpCommandExecutor.execute(HttpCommandExecutor.java:184)
at org.openqa.selenium.remote.service.DriverCommandExecutor.invokeExecute(DriverCommandExecutor.java:167)
at org.openqa.selenium.remote.service.DriverCommandExecutor.execute(DriverCommandExecutor.java:142)
at org.openqa.selenium.remote.RemoteWebDriver.execute(RemoteWebDriver.java:558)
at org.openqa.selenium.remote.ElementLocation$ElementFinder$2.findElements(ElementLocation.java:179)
at org.openqa.selenium.remote.ElementLocation.findElements(ElementLocation.java:102)
at org.openqa.selenium.remote.RemoteWebDriver.findElements(RemoteWebDriver.java:397)
at org.openqa.selenium.remote.RemoteWebDriver.findElements(RemoteWebDriver.java:389)
at org.openqa.selenium.support.ui.ExpectedConditions$8.apply(ExpectedConditions.java:224)
at org.openqa.selenium.support.ui.ExpectedConditions$8.apply(ExpectedConditions.java:221)
at org.openqa.selenium.support.ui.FluentWait.until(FluentWait.java:208)
at com.qa.shopping.opencart.utils.ElementUtil.waitForElementsToBeVisible(ElementUtil.java:320)
at com.qa.shopping.opencart.pages.SearchResultsPage.selectProduct(SearchResultsPage.java:28)
at com.qa.shopping.opencart.tests.ProductInfoPageTest.productInfoTest(ProductInfoPageTest.java:36)
... Removed 34 stack frames]]>
    </failure>
  </testcase> <!-- productInfoTest -->
  <testcase name="test01" time="7.436" classname="com.qa.shopping.opencart.tests.TestSpring"/>
  <testcase name="test02" time="0.025" classname="com.qa.shopping.opencart.tests.TestSpring"/>
  <testcase name="test03" time="0.0" classname="com.qa.shopping.opencart.tests.TestSpring"/>
  <testcase name="accPageHeaderTest" time="0.0" classname="com.qa.shopping.opencart.tests.AccountPageTest">
    <skipped/>
  </testcase> <!-- accPageHeaderTest -->
  <testcase name="accPageSectionsTest" time="0.0" classname="com.qa.shopping.opencart.tests.AccountPageTest">
    <skipped/>
  </testcase> <!-- accPageSectionsTest -->
  <testcase name="accPageTitleTest" time="0.0" classname="com.qa.shopping.opencart.tests.AccountPageTest">
    <skipped/>
  </testcase> <!-- accPageTitleTest -->
  <testcase name="isLogoutExistTest" time="0.0" classname="com.qa.shopping.opencart.tests.AccountPageTest">
    <skipped/>
  </testcase> <!-- isLogoutExistTest -->
  <testcase name="searchTest" time="0.0" classname="com.qa.shopping.opencart.tests.AccountPageTest">
    <skipped/>
  </testcase> <!-- searchTest -->
  <testcase name="searchTest" time="0.0" classname="com.qa.shopping.opencart.tests.AccountPageTest">
    <skipped/>
  </testcase> <!-- searchTest -->
  <testcase name="searchTest" time="0.0" classname="com.qa.shopping.opencart.tests.AccountPageTest">
    <skipped/>
  </testcase> <!-- searchTest -->
  <testcase name="selectProductTest" time="0.0" classname="com.qa.shopping.opencart.tests.AccountPageTest">
    <skipped/>
  </testcase> <!-- selectProductTest -->
  <testcase name="selectProductTest" time="0.0" classname="com.qa.shopping.opencart.tests.AccountPageTest">
    <skipped/>
  </testcase> <!-- selectProductTest -->
  <testcase name="selectProductTest" time="0.0" classname="com.qa.shopping.opencart.tests.AccountPageTest">
    <skipped/>
  </testcase> <!-- selectProductTest -->
  <testcase name="selectProductTest" time="0.0" classname="com.qa.shopping.opencart.tests.AccountPageTest">
    <skipped/>
  </testcase> <!-- selectProductTest -->
  <testcase name="userRegistrationTest" time="0.0" classname="com.qa.shopping.opencart.tests.RegistrationPageTest">
    <skipped/>
  </testcase> <!-- userRegistrationTest -->
  <testcase name="userRegistrationTest" time="0.0" classname="com.qa.shopping.opencart.tests.RegistrationPageTest">
    <skipped/>
  </testcase> <!-- userRegistrationTest -->
  <testcase name="userRegistrationTest" time="0.0" classname="com.qa.shopping.opencart.tests.RegistrationPageTest">
    <skipped/>
  </testcase> <!-- userRegistrationTest -->
  <testcase name="loginPageTitleTest" time="0.0" classname="com.qa.shopping.opencart.tests.LoginPageTest">
    <failure type="java.lang.NullPointerException">
      <![CDATA[java.lang.NullPointerException
at com.qa.shopping.opencart.tests.LoginPageTest.loginPageTitleTest(LoginPageTest.java:11)
... Removed 30 stack frames]]>
    </failure>
  </testcase> <!-- loginPageTitleTest -->
  <testcase name="loginPageUrlTest" time="0.001" classname="com.qa.shopping.opencart.tests.LoginPageTest">
    <failure type="java.lang.NullPointerException">
      <![CDATA[java.lang.NullPointerException
at com.qa.shopping.opencart.tests.LoginPageTest.loginPageUrlTest(LoginPageTest.java:18)
... Removed 30 stack frames]]>
    </failure>
  </testcase> <!-- loginPageUrlTest -->
  <testcase name="forgotPwdLinkTest" time="0.0" classname="com.qa.shopping.opencart.tests.LoginPageTest">
    <failure type="java.lang.NullPointerException">
      <![CDATA[java.lang.NullPointerException
at com.qa.shopping.opencart.tests.LoginPageTest.forgotPwdLinkTest(LoginPageTest.java:23)
... Removed 30 stack frames]]>
    </failure>
  </testcase> <!-- forgotPwdLinkTest -->
  <testcase name="registerLinkTest" time="0.0" classname="com.qa.shopping.opencart.tests.LoginPageTest">
    <failure type="java.lang.NullPointerException">
      <![CDATA[java.lang.NullPointerException
at com.qa.shopping.opencart.tests.LoginPageTest.registerLinkTest(LoginPageTest.java:28)
... Removed 30 stack frames]]>
    </failure>
  </testcase> <!-- registerLinkTest -->
  <testcase name="loginTest" time="0.0" classname="com.qa.shopping.opencart.tests.LoginPageTest">
    <failure type="java.lang.NullPointerException">
      <![CDATA[java.lang.NullPointerException
at com.qa.shopping.opencart.tests.LoginPageTest.loginTest(LoginPageTest.java:33)
... Removed 30 stack frames]]>
    </failure>
  </testcase> <!-- loginTest -->
  <testcase name="@AfterTest tearDown" time="0.0" classname="com.qa.shopping.opencart.tests.BaseTest">
    <ignored/>
  </testcase> <!-- @AfterTest tearDown -->
  <testcase name="@AfterTest tearDown" time="0.0" classname="com.qa.shopping.opencart.tests.BaseTest">
    <ignored/>
  </testcase> <!-- @AfterTest tearDown -->
  <testcase name="@AfterTest tearDown" time="0.0" classname="com.qa.shopping.opencart.tests.BaseTest">
    <ignored/>
  </testcase> <!-- @AfterTest tearDown -->
  <testcase name="@AfterTest tearDown" time="0.0" classname="com.qa.shopping.opencart.tests.BaseTest">
    <ignored/>
  </testcase> <!-- @AfterTest tearDown -->
  <testcase name="@BeforeTest setup" time="0.0" classname="com.qa.shopping.opencart.tests.BaseTest">
    <ignored/>
  </testcase> <!-- @BeforeTest setup -->
  <testcase name="@BeforeTest setup" time="0.0" classname="com.qa.shopping.opencart.tests.BaseTest">
    <ignored/>
  </testcase> <!-- @BeforeTest setup -->
  <testcase name="@BeforeTest setup" time="0.0" classname="com.qa.shopping.opencart.tests.BaseTest">
    <ignored/>
  </testcase> <!-- @BeforeTest setup -->
  <testcase name="@BeforeTest setup" time="0.0" classname="com.qa.shopping.opencart.tests.BaseTest">
    <ignored/>
  </testcase> <!-- @BeforeTest setup -->
</testsuite> <!-- Surefire test -->
