-------------------------------------------------------------------------------
Test set: TestSuite
-------------------------------------------------------------------------------
Tests run: 28, Failures: 8, Errors: 0, Skipped: 14, Time elapsed: 31.978 s <<< FAILURE! - in TestSuite
productInfoTest(com.qa.shopping.opencart.tests.ProductInfoPageTest)  Time elapsed: 1.177 s  <<< FAILURE!
org.openqa.selenium.WebDriverException: 
unknown error: unexpected command response
  (Session info: chrome=103.0.5060.134)
Build info: version: '4.1.2', revision: '9a5a329c5a'
System info: host: 'Terrys-MBP', ip: 'fe80:0:0:0:b4:4b00:7195:8b33%en0', os.name: 'Mac OS X', os.arch: 'x86_64', os.version: '10.14.6', java.version: '1.8.0_172'
Driver info: org.openqa.selenium.chrome.ChromeDriver
Command: [091e5df8c1f762fa86a0fc1af912703e, findElements {using=css selector, value=div.caption a}]
Capabilities {acceptInsecureCerts: false, browserName: chrome, browserVersion: 103.0.5060.134, chrome: {chromedriverVersion: 102.0.5005.61 (0e59bcc00cc4..., userDataDir: /var/folders/_y/d0ls10td4b9...}, goog:chromeOptions: {debuggerAddress: localhost:49672}, javascriptEnabled: true, networkConnectionEnabled: false, pageLoadStrategy: normal, platform: MAC, platformName: MAC, proxy: Proxy(), se:cdp: ws://localhost:49672/devtoo..., se:cdpVersion: 103.0.5060.134, setWindowRect: true, strictFileInteractability: false, timeouts: {implicit: 0, pageLoad: 300000, script: 30000}, unhandledPromptBehavior: dismiss and notify, webauthn:extension:credBlob: true, webauthn:extension:largeBlob: true, webauthn:virtualAuthenticators: true}
Session ID: 091e5df8c1f762fa86a0fc1af912703e
	at com.qa.shopping.opencart.tests.ProductInfoPageTest.productInfoTest(ProductInfoPageTest.java:36)

accPageSetup(com.qa.shopping.opencart.tests.AccountPageTest)  Time elapsed: 0.001 s  <<< FAILURE!
java.lang.NullPointerException
	at com.qa.shopping.opencart.tests.AccountPageTest.accPageSetup(AccountPageTest.java:17)

setupRegistration(com.qa.shopping.opencart.tests.RegistrationPageTest)  Time elapsed: 0.01 s  <<< FAILURE!
java.lang.NullPointerException
	at com.qa.shopping.opencart.tests.RegistrationPageTest.setupRegistration(RegistrationPageTest.java:17)

loginPageTitleTest(com.qa.shopping.opencart.tests.LoginPageTest)  Time elapsed: 0 s  <<< FAILURE!
java.lang.NullPointerException
	at com.qa.shopping.opencart.tests.LoginPageTest.loginPageTitleTest(LoginPageTest.java:11)

loginPageUrlTest(com.qa.shopping.opencart.tests.LoginPageTest)  Time elapsed: 0 s  <<< FAILURE!
java.lang.NullPointerException
	at com.qa.shopping.opencart.tests.LoginPageTest.loginPageUrlTest(LoginPageTest.java:18)

forgotPwdLinkTest(com.qa.shopping.opencart.tests.LoginPageTest)  Time elapsed: 0 s  <<< FAILURE!
java.lang.NullPointerException
	at com.qa.shopping.opencart.tests.LoginPageTest.forgotPwdLinkTest(LoginPageTest.java:23)

registerLinkTest(com.qa.shopping.opencart.tests.LoginPageTest)  Time elapsed: 0 s  <<< FAILURE!
java.lang.NullPointerException
	at com.qa.shopping.opencart.tests.LoginPageTest.registerLinkTest(LoginPageTest.java:28)

loginTest(com.qa.shopping.opencart.tests.LoginPageTest)  Time elapsed: 0 s  <<< FAILURE!
java.lang.NullPointerException
	at com.qa.shopping.opencart.tests.LoginPageTest.loginTest(LoginPageTest.java:33)

